  BubblePoppingGame.cpp
C:\Users\Colin and Sean\Desktop\openframeworks\libs\openFrameworks\math\ofMatrix4x4.h(320): warning C4267: 'argument': conversion from 'size_t' to 'int', possible loss of data
C:\Users\Colin and Sean\Desktop\openframeworks\libs\openFrameworks\math\ofMatrix4x4.h(325): warning C4267: 'argument': conversion from 'size_t' to 'int', possible loss of data
C:\Users\Colin and Sean\Desktop\openframeworks\libs\openFrameworks\math\ofMatrix4x4.h(969): warning C4267: 'argument': conversion from 'size_t' to 'int', possible loss of data
C:\Users\Colin and Sean\Desktop\openframeworks\libs\openFrameworks\math\ofMatrix4x4.h(970): warning C4267: 'argument': conversion from 'size_t' to 'int', possible loss of data
C:\Users\Colin and Sean\Desktop\openframeworks\libs\openFrameworks\math\ofMatrix4x4.h(971): warning C4267: 'argument': conversion from 'size_t' to 'int', possible loss of data
C:\Users\Colin and Sean\Desktop\openframeworks\libs\openFrameworks\math\ofMatrix4x4.h(972): warning C4267: 'argument': conversion from 'size_t' to 'int', possible loss of data
  Bubble.cpp
  Palette.cpp
C:\Users\Colin and Sean\Desktop\openframeworks\libs\openFrameworks\math\ofMatrix4x4.h(320): warning C4267: 'argument': conversion from 'size_t' to 'int', possible loss of data (compiling source file src\Games\BubbleGame\Bubbles\Bubble.cpp)
C:\Users\Colin and Sean\Desktop\openframeworks\libs\openFrameworks\math\ofMatrix4x4.h(325): warning C4267: 'argument': conversion from 'size_t' to 'int', possible loss of data (compiling source file src\Games\BubbleGame\Bubbles\Bubble.cpp)
C:\Users\Colin and Sean\Desktop\openframeworks\libs\openFrameworks\math\ofMatrix4x4.h(320): warning C4267: 'argument': conversion from 'size_t' to 'int', possible loss of data (compiling source file src\Games\BubbleGame\Bubbles\Palette.cpp)
C:\Users\Colin and Sean\Desktop\openframeworks\libs\openFrameworks\math\ofMatrix4x4.h(325): warning C4267: 'argument': conversion from 'size_t' to 'int', possible loss of data (compiling source file src\Games\BubbleGame\Bubbles\Palette.cpp)
C:\Users\Colin and Sean\Desktop\openframeworks\libs\openFrameworks\math\ofMatrix4x4.h(969): warning C4267: 'argument': conversion from 'size_t' to 'int', possible loss of data (compiling source file src\Games\BubbleGame\Bubbles\Bubble.cpp)
C:\Users\Colin and Sean\Desktop\openframeworks\libs\openFrameworks\math\ofMatrix4x4.h(970): warning C4267: 'argument': conversion from 'size_t' to 'int', possible loss of data (compiling source file src\Games\BubbleGame\Bubbles\Bubble.cpp)
C:\Users\Colin and Sean\Desktop\openframeworks\libs\openFrameworks\math\ofMatrix4x4.h(971): warning C4267: 'argument': conversion from 'size_t' to 'int', possible loss of data (compiling source file src\Games\BubbleGame\Bubbles\Bubble.cpp)
C:\Users\Colin and Sean\Desktop\openframeworks\libs\openFrameworks\math\ofMatrix4x4.h(972): warning C4267: 'argument': conversion from 'size_t' to 'int', possible loss of data (compiling source file src\Games\BubbleGame\Bubbles\Bubble.cpp)
C:\Users\Colin and Sean\Desktop\openframeworks\libs\openFrameworks\math\ofMatrix4x4.h(969): warning C4267: 'argument': conversion from 'size_t' to 'int', possible loss of data (compiling source file src\Games\BubbleGame\Bubbles\Palette.cpp)
C:\Users\Colin and Sean\Desktop\openframeworks\libs\openFrameworks\math\ofMatrix4x4.h(970): warning C4267: 'argument': conversion from 'size_t' to 'int', possible loss of data (compiling source file src\Games\BubbleGame\Bubbles\Palette.cpp)
C:\Users\Colin and Sean\Desktop\openframeworks\libs\openFrameworks\math\ofMatrix4x4.h(971): warning C4267: 'argument': conversion from 'size_t' to 'int', possible loss of data (compiling source file src\Games\BubbleGame\Bubbles\Palette.cpp)
C:\Users\Colin and Sean\Desktop\openframeworks\libs\openFrameworks\math\ofMatrix4x4.h(972): warning C4267: 'argument': conversion from 'size_t' to 'int', possible loss of data (compiling source file src\Games\BubbleGame\Bubbles\Palette.cpp)
c:\users\colin and sean\desktop\openframeworks\apps\myapps\kinectmultiplayergame\kinectbodyindex\src\games\bubblegame\bubbles\palette.cpp(99): warning C4715: 'Palette::getColorChosen': not all control paths return a value
  Image.cpp
  Painter.cpp
C:\Users\Colin and Sean\Desktop\openframeworks\libs\openFrameworks\math\ofMatrix4x4.h(320): warning C4267: 'argument': conversion from 'size_t' to 'int', possible loss of data (compiling source file src\Games\BubbleGame\Painting\Painter.cpp)
C:\Users\Colin and Sean\Desktop\openframeworks\libs\openFrameworks\math\ofMatrix4x4.h(325): warning C4267: 'argument': conversion from 'size_t' to 'int', possible loss of data (compiling source file src\Games\BubbleGame\Painting\Painter.cpp)
C:\Users\Colin and Sean\Desktop\openframeworks\libs\openFrameworks\math\ofMatrix4x4.h(320): warning C4267: 'argument': conversion from 'size_t' to 'int', possible loss of data (compiling source file src\Games\BubbleGame\Painting\Image.cpp)
C:\Users\Colin and Sean\Desktop\openframeworks\libs\openFrameworks\math\ofMatrix4x4.h(325): warning C4267: 'argument': conversion from 'size_t' to 'int', possible loss of data (compiling source file src\Games\BubbleGame\Painting\Image.cpp)
C:\Users\Colin and Sean\Desktop\openframeworks\libs\openFrameworks\math\ofMatrix4x4.h(969): warning C4267: 'argument': conversion from 'size_t' to 'int', possible loss of data (compiling source file src\Games\BubbleGame\Painting\Image.cpp)
C:\Users\Colin and Sean\Desktop\openframeworks\libs\openFrameworks\math\ofMatrix4x4.h(969): warning C4267: 'argument': conversion from 'size_t' to 'int', possible loss of data (compiling source file src\Games\BubbleGame\Painting\Painter.cpp)
C:\Users\Colin and Sean\Desktop\openframeworks\libs\openFrameworks\math\ofMatrix4x4.h(970): warning C4267: 'argument': conversion from 'size_t' to 'int', possible loss of data (compiling source file src\Games\BubbleGame\Painting\Image.cpp)
C:\Users\Colin and Sean\Desktop\openframeworks\libs\openFrameworks\math\ofMatrix4x4.h(970): warning C4267: 'argument': conversion from 'size_t' to 'int', possible loss of data (compiling source file src\Games\BubbleGame\Painting\Painter.cpp)
C:\Users\Colin and Sean\Desktop\openframeworks\libs\openFrameworks\math\ofMatrix4x4.h(971): warning C4267: 'argument': conversion from 'size_t' to 'int', possible loss of data (compiling source file src\Games\BubbleGame\Painting\Image.cpp)
C:\Users\Colin and Sean\Desktop\openframeworks\libs\openFrameworks\math\ofMatrix4x4.h(971): warning C4267: 'argument': conversion from 'size_t' to 'int', possible loss of data (compiling source file src\Games\BubbleGame\Painting\Painter.cpp)
C:\Users\Colin and Sean\Desktop\openframeworks\libs\openFrameworks\math\ofMatrix4x4.h(972): warning C4267: 'argument': conversion from 'size_t' to 'int', possible loss of data (compiling source file src\Games\BubbleGame\Painting\Image.cpp)
C:\Users\Colin and Sean\Desktop\openframeworks\libs\openFrameworks\math\ofMatrix4x4.h(972): warning C4267: 'argument': conversion from 'size_t' to 'int', possible loss of data (compiling source file src\Games\BubbleGame\Painting\Painter.cpp)
  Skeletal.cpp
C:\Users\Colin and Sean\Desktop\openframeworks\libs\openFrameworks\math\ofMatrix4x4.h(320): warning C4267: 'argument': conversion from 'size_t' to 'int', possible loss of data
C:\Users\Colin and Sean\Desktop\openframeworks\libs\openFrameworks\math\ofMatrix4x4.h(325): warning C4267: 'argument': conversion from 'size_t' to 'int', possible loss of data
C:\Users\Colin and Sean\Desktop\openframeworks\libs\openFrameworks\math\ofMatrix4x4.h(969): warning C4267: 'argument': conversion from 'size_t' to 'int', possible loss of data
C:\Users\Colin and Sean\Desktop\openframeworks\libs\openFrameworks\math\ofMatrix4x4.h(970): warning C4267: 'argument': conversion from 'size_t' to 'int', possible loss of data
C:\Users\Colin and Sean\Desktop\openframeworks\libs\openFrameworks\math\ofMatrix4x4.h(971): warning C4267: 'argument': conversion from 'size_t' to 'int', possible loss of data
C:\Users\Colin and Sean\Desktop\openframeworks\libs\openFrameworks\math\ofMatrix4x4.h(972): warning C4267: 'argument': conversion from 'size_t' to 'int', possible loss of data
  main.cpp
  ofApp.cpp
C:\Users\Colin and Sean\Desktop\openframeworks\libs\openFrameworks\math\ofMatrix4x4.h(320): warning C4267: 'argument': conversion from 'size_t' to 'int', possible loss of data (compiling source file src\ofApp.cpp)
C:\Users\Colin and Sean\Desktop\openframeworks\libs\openFrameworks\math\ofMatrix4x4.h(325): warning C4267: 'argument': conversion from 'size_t' to 'int', possible loss of data (compiling source file src\ofApp.cpp)
C:\Users\Colin and Sean\Desktop\openframeworks\libs\openFrameworks\math\ofMatrix4x4.h(320): warning C4267: 'argument': conversion from 'size_t' to 'int', possible loss of data (compiling source file src\main.cpp)
C:\Users\Colin and Sean\Desktop\openframeworks\libs\openFrameworks\math\ofMatrix4x4.h(325): warning C4267: 'argument': conversion from 'size_t' to 'int', possible loss of data (compiling source file src\main.cpp)
C:\Users\Colin and Sean\Desktop\openframeworks\libs\openFrameworks\math\ofMatrix4x4.h(969): warning C4267: 'argument': conversion from 'size_t' to 'int', possible loss of data (compiling source file src\ofApp.cpp)
C:\Users\Colin and Sean\Desktop\openframeworks\libs\openFrameworks\math\ofMatrix4x4.h(970): warning C4267: 'argument': conversion from 'size_t' to 'int', possible loss of data (compiling source file src\ofApp.cpp)
C:\Users\Colin and Sean\Desktop\openframeworks\libs\openFrameworks\math\ofMatrix4x4.h(971): warning C4267: 'argument': conversion from 'size_t' to 'int', possible loss of data (compiling source file src\ofApp.cpp)
C:\Users\Colin and Sean\Desktop\openframeworks\libs\openFrameworks\math\ofMatrix4x4.h(972): warning C4267: 'argument': conversion from 'size_t' to 'int', possible loss of data (compiling source file src\ofApp.cpp)
C:\Users\Colin and Sean\Desktop\openframeworks\libs\openFrameworks\math\ofMatrix4x4.h(969): warning C4267: 'argument': conversion from 'size_t' to 'int', possible loss of data (compiling source file src\main.cpp)
C:\Users\Colin and Sean\Desktop\openframeworks\libs\openFrameworks\math\ofMatrix4x4.h(970): warning C4267: 'argument': conversion from 'size_t' to 'int', possible loss of data (compiling source file src\main.cpp)
C:\Users\Colin and Sean\Desktop\openframeworks\libs\openFrameworks\math\ofMatrix4x4.h(971): warning C4267: 'argument': conversion from 'size_t' to 'int', possible loss of data (compiling source file src\main.cpp)
C:\Users\Colin and Sean\Desktop\openframeworks\libs\openFrameworks\math\ofMatrix4x4.h(972): warning C4267: 'argument': conversion from 'size_t' to 'int', possible loss of data (compiling source file src\main.cpp)
  Button.cpp
  Menu.cpp
C:\Users\Colin and Sean\Desktop\openframeworks\libs\openFrameworks\math\ofMatrix4x4.h(320): warning C4267: 'argument': conversion from 'size_t' to 'int', possible loss of data (compiling source file src\MainMenu\Button.cpp)
C:\Users\Colin and Sean\Desktop\openframeworks\libs\openFrameworks\math\ofMatrix4x4.h(325): warning C4267: 'argument': conversion from 'size_t' to 'int', possible loss of data (compiling source file src\MainMenu\Button.cpp)
C:\Users\Colin and Sean\Desktop\openframeworks\libs\openFrameworks\math\ofMatrix4x4.h(320): warning C4267: 'argument': conversion from 'size_t' to 'int', possible loss of data (compiling source file src\MainMenu\Menu.cpp)
C:\Users\Colin and Sean\Desktop\openframeworks\libs\openFrameworks\math\ofMatrix4x4.h(325): warning C4267: 'argument': conversion from 'size_t' to 'int', possible loss of data (compiling source file src\MainMenu\Menu.cpp)
C:\Users\Colin and Sean\Desktop\openframeworks\libs\openFrameworks\math\ofMatrix4x4.h(969): warning C4267: 'argument': conversion from 'size_t' to 'int', possible loss of data (compiling source file src\MainMenu\Button.cpp)
C:\Users\Colin and Sean\Desktop\openframeworks\libs\openFrameworks\math\ofMatrix4x4.h(970): warning C4267: 'argument': conversion from 'size_t' to 'int', possible loss of data (compiling source file src\MainMenu\Button.cpp)
C:\Users\Colin and Sean\Desktop\openframeworks\libs\openFrameworks\math\ofMatrix4x4.h(971): warning C4267: 'argument': conversion from 'size_t' to 'int', possible loss of data (compiling source file src\MainMenu\Button.cpp)
C:\Users\Colin and Sean\Desktop\openframeworks\libs\openFrameworks\math\ofMatrix4x4.h(972): warning C4267: 'argument': conversion from 'size_t' to 'int', possible loss of data (compiling source file src\MainMenu\Button.cpp)
C:\Users\Colin and Sean\Desktop\openframeworks\libs\openFrameworks\math\ofMatrix4x4.h(969): warning C4267: 'argument': conversion from 'size_t' to 'int', possible loss of data (compiling source file src\MainMenu\Menu.cpp)
C:\Users\Colin and Sean\Desktop\openframeworks\libs\openFrameworks\math\ofMatrix4x4.h(970): warning C4267: 'argument': conversion from 'size_t' to 'int', possible loss of data (compiling source file src\MainMenu\Menu.cpp)
C:\Users\Colin and Sean\Desktop\openframeworks\libs\openFrameworks\math\ofMatrix4x4.h(971): warning C4267: 'argument': conversion from 'size_t' to 'int', possible loss of data (compiling source file src\MainMenu\Menu.cpp)
C:\Users\Colin and Sean\Desktop\openframeworks\libs\openFrameworks\math\ofMatrix4x4.h(972): warning C4267: 'argument': conversion from 'size_t' to 'int', possible loss of data (compiling source file src\MainMenu\Menu.cpp)
  ofxBaseGui.cpp
  ofxButton.cpp
  ofxGuiGroup.cpp
  ofxLabel.cpp
  ofxPanel.cpp
  ofxSlider.cpp
  ofxSliderGroup.cpp
  ofxToggle.cpp
C:\Users\Colin and Sean\Desktop\openframeworks\libs\openFrameworks\math\ofMatrix4x4.h(320): warning C4267: 'argument': conversion from 'size_t' to 'int', possible loss of data (compiling source file ..\..\..\..\addons\ofxGui\src\ofxBaseGui.cpp)
C:\Users\Colin and Sean\Desktop\openframeworks\libs\openFrameworks\math\ofMatrix4x4.h(320): warning C4267: 'argument': conversion from 'size_t' to 'int', possible loss of data (compiling source file ..\..\..\..\addons\ofxGui\src\ofxGuiGroup.cpp)
C:\Users\Colin and Sean\Desktop\openframeworks\libs\openFrameworks\math\ofMatrix4x4.h(325): warning C4267: 'argument': conversion from 'size_t' to 'int', possible loss of data (compiling source file ..\..\..\..\addons\ofxGui\src\ofxBaseGui.cpp)
C:\Users\Colin and Sean\Desktop\openframeworks\libs\openFrameworks\math\ofMatrix4x4.h(325): warning C4267: 'argument': conversion from 'size_t' to 'int', possible loss of data (compiling source file ..\..\..\..\addons\ofxGui\src\ofxGuiGroup.cpp)
C:\Users\Colin and Sean\Desktop\openframeworks\libs\openFrameworks\math\ofMatrix4x4.h(320): warning C4267: 'argument': conversion from 'size_t' to 'int', possible loss of data (compiling source file ..\..\..\..\addons\ofxGui\src\ofxLabel.cpp)
C:\Users\Colin and Sean\Desktop\openframeworks\libs\openFrameworks\math\ofMatrix4x4.h(325): warning C4267: 'argument': conversion from 'size_t' to 'int', possible loss of data (compiling source file ..\..\..\..\addons\ofxGui\src\ofxLabel.cpp)
C:\Users\Colin and Sean\Desktop\openframeworks\libs\openFrameworks\math\ofMatrix4x4.h(969): warning C4267: 'argument': conversion from 'size_t' to 'int', possible loss of data (compiling source file ..\..\..\..\addons\ofxGui\src\ofxBaseGui.cpp)
C:\Users\Colin and Sean\Desktop\openframeworks\libs\openFrameworks\math\ofMatrix4x4.h(970): warning C4267: 'argument': conversion from 'size_t' to 'int', possible loss of data (compiling source file ..\..\..\..\addons\ofxGui\src\ofxBaseGui.cpp)
C:\Users\Colin and Sean\Desktop\openframeworks\libs\openFrameworks\math\ofMatrix4x4.h(971): warning C4267: 'argument': conversion from 'size_t' to 'int', possible loss of data (compiling source file ..\..\..\..\addons\ofxGui\src\ofxBaseGui.cpp)
C:\Users\Colin and Sean\Desktop\openframeworks\libs\openFrameworks\math\ofMatrix4x4.h(972): warning C4267: 'argument': conversion from 'size_t' to 'int', possible loss of data (compiling source file ..\..\..\..\addons\ofxGui\src\ofxBaseGui.cpp)
C:\Users\Colin and Sean\Desktop\openframeworks\libs\openFrameworks\math\ofMatrix4x4.h(969): warning C4267: 'argument': conversion from 'size_t' to 'int', possible loss of data (compiling source file ..\..\..\..\addons\ofxGui\src\ofxGuiGroup.cpp)
C:\Users\Colin and Sean\Desktop\openframeworks\libs\openFrameworks\math\ofMatrix4x4.h(970): warning C4267: 'argument': conversion from 'size_t' to 'int', possible loss of data (compiling source file ..\..\..\..\addons\ofxGui\src\ofxGuiGroup.cpp)
C:\Users\Colin and Sean\Desktop\openframeworks\libs\openFrameworks\math\ofMatrix4x4.h(971): warning C4267: 'argument': conversion from 'size_t' to 'int', possible loss of data (compiling source file ..\..\..\..\addons\ofxGui\src\ofxGuiGroup.cpp)
C:\Users\Colin and Sean\Desktop\openframeworks\libs\openFrameworks\math\ofMatrix4x4.h(972): warning C4267: 'argument': conversion from 'size_t' to 'int', possible loss of data (compiling source file ..\..\..\..\addons\ofxGui\src\ofxGuiGroup.cpp)
C:\Users\Colin and Sean\Desktop\openframeworks\libs\openFrameworks\math\ofMatrix4x4.h(969): warning C4267: 'argument': conversion from 'size_t' to 'int', possible loss of data (compiling source file ..\..\..\..\addons\ofxGui\src\ofxLabel.cpp)
C:\Users\Colin and Sean\Desktop\openframeworks\libs\openFrameworks\math\ofMatrix4x4.h(970): warning C4267: 'argument': conversion from 'size_t' to 'int', possible loss of data (compiling source file ..\..\..\..\addons\ofxGui\src\ofxLabel.cpp)
C:\Users\Colin and Sean\Desktop\openframeworks\libs\openFrameworks\math\ofMatrix4x4.h(971): warning C4267: 'argument': conversion from 'size_t' to 'int', possible loss of data (compiling source file ..\..\..\..\addons\ofxGui\src\ofxLabel.cpp)
C:\Users\Colin and Sean\Desktop\openframeworks\libs\openFrameworks\math\ofMatrix4x4.h(972): warning C4267: 'argument': conversion from 'size_t' to 'int', possible loss of data (compiling source file ..\..\..\..\addons\ofxGui\src\ofxLabel.cpp)
C:\Users\Colin and Sean\Desktop\openframeworks\libs\openFrameworks\math\ofMatrix4x4.h(320): warning C4267: 'argument': conversion from 'size_t' to 'int', possible loss of data (compiling source file ..\..\..\..\addons\ofxGui\src\ofxSlider.cpp)
C:\Users\Colin and Sean\Desktop\openframeworks\libs\openFrameworks\math\ofMatrix4x4.h(325): warning C4267: 'argument': conversion from 'size_t' to 'int', possible loss of data (compiling source file ..\..\..\..\addons\ofxGui\src\ofxSlider.cpp)
C:\Users\Colin and Sean\Desktop\openframeworks\libs\openFrameworks\math\ofMatrix4x4.h(969): warning C4267: 'argument': conversion from 'size_t' to 'int', possible loss of data (compiling source file ..\..\..\..\addons\ofxGui\src\ofxSlider.cpp)
C:\Users\Colin and Sean\Desktop\openframeworks\libs\openFrameworks\math\ofMatrix4x4.h(970): warning C4267: 'argument': conversion from 'size_t' to 'int', possible loss of data (compiling source file ..\..\..\..\addons\ofxGui\src\ofxSlider.cpp)
C:\Users\Colin and Sean\Desktop\openframeworks\libs\openFrameworks\math\ofMatrix4x4.h(971): warning C4267: 'argument': conversion from 'size_t' to 'int', possible loss of data (compiling source file ..\..\..\..\addons\ofxGui\src\ofxSlider.cpp)
C:\Users\Colin and Sean\Desktop\openframeworks\libs\openFrameworks\math\ofMatrix4x4.h(972): warning C4267: 'argument': conversion from 'size_t' to 'int', possible loss of data (compiling source file ..\..\..\..\addons\ofxGui\src\ofxSlider.cpp)
C:\Users\Colin and Sean\Desktop\openframeworks\libs\openFrameworks\math\ofMatrix4x4.h(320): warning C4267: 'argument': conversion from 'size_t' to 'int', possible loss of data (compiling source file ..\..\..\..\addons\ofxGui\src\ofxPanel.cpp)
C:\Users\Colin and Sean\Desktop\openframeworks\libs\openFrameworks\math\ofMatrix4x4.h(325): warning C4267: 'argument': conversion from 'size_t' to 'int', possible loss of data (compiling source file ..\..\..\..\addons\ofxGui\src\ofxPanel.cpp)
c:\users\colin and sean\desktop\openframeworks\libs\openframeworks\math\ofMatrix4x4.h(320): warning C4267: 'argument': conversion from 'size_t' to 'int', possible loss of data (compiling source file ..\..\..\..\addons\ofxGui\src\ofxButton.cpp)
c:\users\colin and sean\desktop\openframeworks\libs\openframeworks\math\ofMatrix4x4.h(325): warning C4267: 'argument': conversion from 'size_t' to 'int', possible loss of data (compiling source file ..\..\..\..\addons\ofxGui\src\ofxButton.cpp)
C:\Users\Colin and Sean\Desktop\openframeworks\libs\openFrameworks\math\ofMatrix4x4.h(969): warning C4267: 'argument': conversion from 'size_t' to 'int', possible loss of data (compiling source file ..\..\..\..\addons\ofxGui\src\ofxPanel.cpp)
C:\Users\Colin and Sean\Desktop\openframeworks\libs\openFrameworks\math\ofMatrix4x4.h(970): warning C4267: 'argument': conversion from 'size_t' to 'int', possible loss of data (compiling source file ..\..\..\..\addons\ofxGui\src\ofxPanel.cpp)
C:\Users\Colin and Sean\Desktop\openframeworks\libs\openFrameworks\math\ofMatrix4x4.h(971): warning C4267: 'argument': conversion from 'size_t' to 'int', possible loss of data (compiling source file ..\..\..\..\addons\ofxGui\src\ofxPanel.cpp)
C:\Users\Colin and Sean\Desktop\openframeworks\libs\openFrameworks\math\ofMatrix4x4.h(972): warning C4267: 'argument': conversion from 'size_t' to 'int', possible loss of data (compiling source file ..\..\..\..\addons\ofxGui\src\ofxPanel.cpp)
c:\users\colin and sean\desktop\openframeworks\libs\openframeworks\math\ofMatrix4x4.h(969): warning C4267: 'argument': conversion from 'size_t' to 'int', possible loss of data (compiling source file ..\..\..\..\addons\ofxGui\src\ofxButton.cpp)
c:\users\colin and sean\desktop\openframeworks\libs\openframeworks\math\ofMatrix4x4.h(970): warning C4267: 'argument': conversion from 'size_t' to 'int', possible loss of data (compiling source file ..\..\..\..\addons\ofxGui\src\ofxButton.cpp)
c:\users\colin and sean\desktop\openframeworks\libs\openframeworks\math\ofMatrix4x4.h(971): warning C4267: 'argument': conversion from 'size_t' to 'int', possible loss of data (compiling source file ..\..\..\..\addons\ofxGui\src\ofxButton.cpp)
c:\users\colin and sean\desktop\openframeworks\libs\openframeworks\math\ofMatrix4x4.h(972): warning C4267: 'argument': conversion from 'size_t' to 'int', possible loss of data (compiling source file ..\..\..\..\addons\ofxGui\src\ofxButton.cpp)
c:\users\colin and sean\desktop\openframeworks\libs\openframeworks\math\ofMatrix4x4.h(320): warning C4267: 'argument': conversion from 'size_t' to 'int', possible loss of data (compiling source file ..\..\..\..\addons\ofxGui\src\ofxToggle.cpp)
c:\users\colin and sean\desktop\openframeworks\libs\openframeworks\math\ofMatrix4x4.h(325): warning C4267: 'argument': conversion from 'size_t' to 'int', possible loss of data (compiling source file ..\..\..\..\addons\ofxGui\src\ofxToggle.cpp)
C:\Users\Colin and Sean\Desktop\openframeworks\libs\openFrameworks\math\ofMatrix4x4.h(320): warning C4267: 'argument': conversion from 'size_t' to 'int', possible loss of data (compiling source file ..\..\..\..\addons\ofxGui\src\ofxSliderGroup.cpp)
C:\Users\Colin and Sean\Desktop\openframeworks\libs\openFrameworks\math\ofMatrix4x4.h(325): warning C4267: 'argument': conversion from 'size_t' to 'int', possible loss of data (compiling source file ..\..\..\..\addons\ofxGui\src\ofxSliderGroup.cpp)
c:\users\colin and sean\desktop\openframeworks\libs\openframeworks\math\ofMatrix4x4.h(969): warning C4267: 'argument': conversion from 'size_t' to 'int', possible loss of data (compiling source file ..\..\..\..\addons\ofxGui\src\ofxToggle.cpp)
c:\users\colin and sean\desktop\openframeworks\libs\openframeworks\math\ofMatrix4x4.h(970): warning C4267: 'argument': conversion from 'size_t' to 'int', possible loss of data (compiling source file ..\..\..\..\addons\ofxGui\src\ofxToggle.cpp)
c:\users\colin and sean\desktop\openframeworks\libs\openframeworks\math\ofMatrix4x4.h(971): warning C4267: 'argument': conversion from 'size_t' to 'int', possible loss of data (compiling source file ..\..\..\..\addons\ofxGui\src\ofxToggle.cpp)
c:\users\colin and sean\desktop\openframeworks\libs\openframeworks\math\ofMatrix4x4.h(972): warning C4267: 'argument': conversion from 'size_t' to 'int', possible loss of data (compiling source file ..\..\..\..\addons\ofxGui\src\ofxToggle.cpp)
C:\Users\Colin and Sean\Desktop\openframeworks\libs\openFrameworks\math\ofMatrix4x4.h(969): warning C4267: 'argument': conversion from 'size_t' to 'int', possible loss of data (compiling source file ..\..\..\..\addons\ofxGui\src\ofxSliderGroup.cpp)
C:\Users\Colin and Sean\Desktop\openframeworks\libs\openFrameworks\math\ofMatrix4x4.h(970): warning C4267: 'argument': conversion from 'size_t' to 'int', possible loss of data (compiling source file ..\..\..\..\addons\ofxGui\src\ofxSliderGroup.cpp)
C:\Users\Colin and Sean\Desktop\openframeworks\libs\openFrameworks\math\ofMatrix4x4.h(971): warning C4267: 'argument': conversion from 'size_t' to 'int', possible loss of data (compiling source file ..\..\..\..\addons\ofxGui\src\ofxSliderGroup.cpp)
C:\Users\Colin and Sean\Desktop\openframeworks\libs\openFrameworks\math\ofMatrix4x4.h(972): warning C4267: 'argument': conversion from 'size_t' to 'int', possible loss of data (compiling source file ..\..\..\..\addons\ofxGui\src\ofxSliderGroup.cpp)
     Creating library bin\KinectBodyIndex.lib and object bin\KinectBodyIndex.exp
  Generating code
  All 1450 functions were compiled because no usable IPDB/IOBJ from previous compilation was found.
  Finished generating code
  KinectBodyIndex.vcxproj -> C:\Users\Colin and Sean\Desktop\openframeworks\apps\myApps\KinectMultiplayerGame\KinectBodyIndex\bin\KinectBodyIndex.exe
  
  	                   9	C:\Users\Colin and Sean\Desktop\openframeworks\export\vs\x64\
  	  *EXTRA File 		 1266176	C:\Users\Colin and Sean\Desktop\openframeworks\apps\myApps\KinectMultiplayerGame\KinectBodyIndex\bin\fmodex.dll
  	  *EXTRA File 		 1312768	C:\Users\Colin and Sean\Desktop\openframeworks\apps\myApps\KinectMultiplayerGame\KinectBodyIndex\bin\fmodexL.dll
